This is pdfTeX, Version 3.1415926-2.5-1.40.14 (MiKTeX 2.9) (preloaded format=pdflatex 2014.10.9)  16 SEP 2017 20:54
entering extended mode
**MainFile.tex
(C:\Users\lkohlhase\PycharmProjects\Semesterprojekt\incSFA\Semesterprojekt\Thesis\MainFile.tex
LaTeX2e <2011/06/27>
Babel <v3.8m> and hyphenation patterns for english, afrikaans, ancientgreek, arabic, armenian, assamese, basque, bengali
, bokmal, bulgarian, catalan, coptic, croatian, czech, danish, dutch, esperanto, estonian, farsi, finnish, french, galic
ian, german, german-x-2013-05-26, greek, gujarati, hindi, hungarian, icelandic, indonesian, interlingua, irish, italian,
 kannada, kurmanji, latin, latvian, lithuanian, malayalam, marathi, mongolian, mongolianlmc, monogreek, ngerman, ngerman
-x-2013-05-26, nynorsk, oriya, panjabi, pinyin, polish, portuguese, romanian, russian, sanskrit, serbian, slovak, sloven
ian, spanish, swedish, swissgerman, tamil, telugu, turkish, turkmen, ukenglish, ukrainian, uppersorbian, usenglishmax, w
elsh, loaded.
("C:\Program Files (x86)\MiKTeX 2.9\tex\latex\base\article.cls"
Document Class: article 2007/10/19 v1.4h Standard LaTeX document class
("C:\Program Files (x86)\MiKTeX 2.9\tex\latex\base\size10.clo"
File: size10.clo 2007/10/19 v1.4h Standard LaTeX file (size option)
)
\c@part=\count79
\c@section=\count80
\c@subsection=\count81
\c@subsubsection=\count82
\c@paragraph=\count83
\c@subparagraph=\count84
\c@figure=\count85
\c@table=\count86
\abovecaptionskip=\skip41
\belowcaptionskip=\skip42
\bibindent=\dimen102
) ("C:\Program Files (x86)\MiKTeX 2.9\tex\latex\ed\ed.sty"
Package: ed 2012/01/29 v1.8 Editorial Notes
 ed.sty: showing ednotes ("C:\Program Files (x86)\MiKTeX 2.9\tex\latex\paralist\paralist.sty"
Package: paralist 2013/06/09 v2.4 Extended list environments
\pltopsep=\skip43
\plpartopsep=\skip44
\plitemsep=\skip45
\plparsep=\skip46
\pl@lab=\toks14
)
("C:\Program Files (x86)\MiKTeX 2.9\tex\latex\xcolor\xcolor.sty"
Package: xcolor 2007/01/21 v2.11 LaTeX color extensions (UK)

("C:\Program Files (x86)\MiKTeX 2.9\tex\latex\00miktex\color.cfg"
File: color.cfg 2007/01/18 v1.5 color configuration of teTeX/TeXLive
)
Package xcolor Info: Driver file: pdftex.def on input line 225.

("C:\Program Files (x86)\MiKTeX 2.9\tex\latex\pdftex-def\pdftex.def"
File: pdftex.def 2011/05/27 v0.06d Graphics/color for pdfTeX

("C:\Program Files (x86)\MiKTeX 2.9\tex\generic\oberdiek\infwarerr.sty"
Package: infwarerr 2010/04/08 v1.3 Providing info/warning/error messages (HO)
)
("C:\Program Files (x86)\MiKTeX 2.9\tex\generic\oberdiek\ltxcmds.sty"
Package: ltxcmds 2011/11/09 v1.22 LaTeX kernel commands for general use (HO)
)
\Gread@gobject=\count87
)
Package xcolor Info: Model `cmy' substituted by `cmy0' on input line 1337.
Package xcolor Info: Model `hsb' substituted by `rgb' on input line 1341.
Package xcolor Info: Model `RGB' extended on input line 1353.
Package xcolor Info: Model `HTML' substituted by `rgb' on input line 1355.
Package xcolor Info: Model `Hsb' substituted by `hsb' on input line 1356.
Package xcolor Info: Model `tHsb' substituted by `hsb' on input line 1357.
Package xcolor Info: Model `HSB' substituted by `hsb' on input line 1358.
Package xcolor Info: Model `Gray' substituted by `gray' on input line 1359.
Package xcolor Info: Model `wave' substituted by `hsb' on input line 1360.
)
\c@ednote=\count88
)
(C:\Users\lkohlhase\PycharmProjects\Semesterprojekt\incSFA\Semesterprojekt\Thesis\MainFile.aux
(C:\Users\lkohlhase\PycharmProjects\Semesterprojekt\incSFA\Semesterprojekt\Thesis\Introduction.aux)
(C:\Users\lkohlhase\PycharmProjects\Semesterprojekt\incSFA\Semesterprojekt\Thesis\Method.aux)
(C:\Users\lkohlhase\PycharmProjects\Semesterprojekt\incSFA\Semesterprojekt\Thesis\SpecificDetails.aux)
(C:\Users\lkohlhase\PycharmProjects\Semesterprojekt\incSFA\Semesterprojekt\Thesis\Results.aux)
(C:\Users\lkohlhase\PycharmProjects\Semesterprojekt\incSFA\Semesterprojekt\Thesis\Conclusion.aux))
LaTeX Font Info:    Checking defaults for OML/cmm/m/it on input line 5.
LaTeX Font Info:    ... okay on input line 5.
LaTeX Font Info:    Checking defaults for T1/cmr/m/n on input line 5.
LaTeX Font Info:    ... okay on input line 5.
LaTeX Font Info:    Checking defaults for OT1/cmr/m/n on input line 5.
LaTeX Font Info:    ... okay on input line 5.
LaTeX Font Info:    Checking defaults for OMS/cmsy/m/n on input line 5.
LaTeX Font Info:    ... okay on input line 5.
LaTeX Font Info:    Checking defaults for OMX/cmex/m/n on input line 5.
LaTeX Font Info:    ... okay on input line 5.
LaTeX Font Info:    Checking defaults for U/cmr/m/n on input line 5.
LaTeX Font Info:    ... okay on input line 5.

("C:\Program Files (x86)\MiKTeX 2.9\tex\context\base\supp-pdf.mkii"
[Loading MPS to PDF converter (version 2006.09.02).]
\scratchcounter=\count89
\scratchdimen=\dimen103
\scratchbox=\box26
\nofMPsegments=\count90
\nofMParguments=\count91
\everyMPshowfont=\toks15
\MPscratchCnt=\count92
\MPscratchDim=\dimen104
\MPnumerator=\count93
\makeMPintoPDFobject=\count94
\everyMPtoPDFconversion=\toks16
)
LaTeX Font Info:    External font `cmex10' loaded for size
(Font)              <12> on input line 6.
LaTeX Font Info:    External font `cmex10' loaded for size
(Font)              <8> on input line 6.
LaTeX Font Info:    External font `cmex10' loaded for size
(Font)              <6> on input line 6.
 EdNote!
LaTeX Font Info:    External font `cmex10' loaded for size
(Font)              <9> on input line 8.
LaTeX Font Info:    External font `cmex10' loaded for size
(Font)              <5> on input line 8.
 EdNote!
LaTeX Font Info:    External font `cmex10' loaded for size
(Font)              <7> on input line 12.
 [1

{C:/ProgramData/MiKTeX/2.9/pdftex/config/pdftex.map}]
(C:\Users\lkohlhase\PycharmProjects\Semesterprojekt\incSFA\Semesterprojekt\Thesis\Introduction.tex EdNote! EdNote!
EdNote!) [2

] (C:\Users\lkohlhase\PycharmProjects\Semesterprojekt\incSFA\Semesterprojekt\Thesis\Method.tex EdNote!
EdNote!) [3


] (C:\Users\lkohlhase\PycharmProjects\Semesterprojekt\incSFA\Semesterprojekt\Thesis\SpecificDetails.tex)
[4


] (C:\Users\lkohlhase\PycharmProjects\Semesterprojekt\incSFA\Semesterprojekt\Thesis\Results.tex) [5


]
(C:\Users\lkohlhase\PycharmProjects\Semesterprojekt\incSFA\Semesterprojekt\Thesis\Conclusion.tex) [6


]
(C:\Users\lkohlhase\PycharmProjects\Semesterprojekt\incSFA\Semesterprojekt\Thesis\MainFile.bbl

LaTeX Warning: Empty `thebibliography' environment on input line 3.

)

There are still 7 EdNotes, New/Oldparts, and Issues to resolve!

[7

] (C:\Users\lkohlhase\PycharmProjects\Semesterprojekt\incSFA\Semesterprojekt\Thesis\MainFile.aux
(C:\Users\lkohlhase\PycharmProjects\Semesterprojekt\incSFA\Semesterprojekt\Thesis\Introduction.aux)
(C:\Users\lkohlhase\PycharmProjects\Semesterprojekt\incSFA\Semesterprojekt\Thesis\Method.aux)
(C:\Users\lkohlhase\PycharmProjects\Semesterprojekt\incSFA\Semesterprojekt\Thesis\SpecificDetails.aux)
(C:\Users\lkohlhase\PycharmProjects\Semesterprojekt\incSFA\Semesterprojekt\Thesis\Results.aux)
(C:\Users\lkohlhase\PycharmProjects\Semesterprojekt\incSFA\Semesterprojekt\Thesis\Conclusion.aux)) ) 
Here is how much of TeX's memory you used:
 1685 strings out of 493921
 23911 string characters out of 3144864
 78444 words of memory out of 3000000
 4977 multiletter control sequences out of 15000+200000
 9716 words of font info for 34 fonts, out of 3000000 for 9000
 841 hyphenation exceptions out of 8191
 30i,8n,37p,257b,249s stack positions out of 5000i,500n,10000p,200000b,50000s
<C:/Program Files (x
86)/MiKTeX 2.9/fonts/type1/public/amsfonts/cm/cmbx10.pfb><C:/Program Files (x86)/MiKTeX 2.9/fonts/type1/public/amsfonts/
cm/cmbx12.pfb><C:/Program Files (x86)/MiKTeX 2.9/fonts/type1/public/amsfonts/cm/cmbx9.pfb><C:/Program Files (x86)/MiKTeX
 2.9/fonts/type1/public/amsfonts/cm/cmcsc10.pfb><C:/Program Files (x86)/MiKTeX 2.9/fonts/type1/public/amsfonts/cm/cmr10.
pfb><C:/Program Files (x86)/MiKTeX 2.9/fonts/type1/public/amsfonts/cm/cmr12.pfb><C:/Program Files (x86)/MiKTeX 2.9/fonts
/type1/public/amsfonts/cm/cmr17.pfb><C:/Program Files (x86)/MiKTeX 2.9/fonts/type1/public/amsfonts/cm/cmr6.pfb><C:/Progr
am Files (x86)/MiKTeX 2.9/fonts/type1/public/amsfonts/cm/cmr7.pfb><C:/Program Files (x86)/MiKTeX 2.9/fonts/type1/public/
amsfonts/cm/cmr9.pfb><C:/Program Files (x86)/MiKTeX 2.9/fonts/type1/public/amsfonts/cm/cmss8.pfb>
Output written on MainFile.pdf (7 pages, 137878 bytes).
PDF statistics:
 70 PDF objects out of 1000 (max. 8388607)
 0 named destinations out of 1000 (max. 500000)
 1 words of extra memory for PDF output out of 10000 (max. 10000000)

